#
# A fatal error has been detected by the Java Runtime Environment:
#
#  SIGSEGV (0xb) at pc=0x0000000000000000, pid=12527, tid=0x00007f7498dff6c0
#
# JRE version: Java(TM) SE Runtime Environment (8.0_111-b14) (build 1.8.0_111-b14)
# Java VM: Java HotSpot(TM) 64-Bit Server VM (25.111-b14 mixed mode linux-amd64 compressed oops)
# Problematic frame:
# C  0x0000000000000000
#
# Failed to write core dump. Core dumps have been disabled. To enable core dumping, try "ulimit -c unlimited" before starting Java again
#
# If you would like to submit a bug report, please visit:
#   http://bugreport.java.com/bugreport/crash.jsp
# The crash happened outside the Java Virtual Machine in native code.
# See problematic frame for where to report the bug.
#

---------------  T H R E A D  ---------------

Current thread (0x00007f74bc2e0800):  JavaThread "AWT-EventQueue-0" [_thread_in_native, id=12549, stack(0x00007f7498d00000,0x00007f7498e00000)]

siginfo: si_signo: 11 (SIGSEGV), si_code: 1 (SEGV_MAPERR), si_addr: 0x0000000000000000

Registers:
RAX=0x00007f7499c58598, RBX=0x00000000000001b5, RCX=0x00000000000001b5, RDX=0x0000000000000236
RSP=0x00007f7498dfb858, RBP=0x00007f7498dfb880, RSI=0x00007f7498dfb918, RDI=0x00007f74bc2e09f8
R8 =0x0000000000000000, R9 =0x000000000000000c, R10=0x00007f74ad017a08, R11=0x00007f74c23c2a70
R12=0x0000000000000236, R13=0x00007f74bc2e09f8, R14=0x00007f7498dfb918, R15=0x00007f74bc2e0800
RIP=0x0000000000000000, EFLAGS=0x0000000000010206, CSGSFS=0x002b000000000033, ERR=0x0000000000000014
  TRAPNO=0x000000000000000e

Top of Stack: (sp=0x00007f7498dfb858)
0x00007f7498dfb858:   00007f7499a44915 0000000000000000
0x00007f7498dfb868:   00007f74983b06d0 0000000000000000
0x00007f7498dfb878:   00007f74983b06d0 00007f7498dfb8e8
0x00007f7498dfb888:   00007f74ad017a34 00007f7498dfb8e8
0x00007f7498dfb898:   00007f74ad0177c7 00007f74ad017782
0x00007f7498dfb8a8:   00007f7498dfb8a8 00007f74983b06d0
0x00007f7498dfb8b8:   00007f7498dfb918 00007f74983b22e8
0x00007f7498dfb8c8:   0000000000000000 00007f74983b06d0
0x00007f7498dfb8d8:   0000000000000000 00007f7498dfb908
0x00007f7498dfb8e8:   00007f7498dfb960 00007f74ad0082bd
0x00007f7498dfb8f8:   0000000000000000 00007f74ad011538
0x00007f7498dfb908:   00000000000001b5 0000000000000236
0x00007f7498dfb918:   00000000d8330858 00007f7498dfb920
0x00007f7498dfb928:   00007f74983b18d5 00007f7498dfb9a0
0x00007f7498dfb938:   00007f74983b22e8 0000000000000000
0x00007f7498dfb948:   00007f74983b1908 00007f7498dfb908
0x00007f7498dfb958:   00007f7498dfb970 00007f7498dfb9f8
0x00007f7498dfb968:   00007f74ad0082bd 00000000d8333a18
0x00007f7498dfb978:   00000000000001b5 0000000000000236
0x00007f7498dfb988:   0000000000000016 0000000000000002
0x00007f7498dfb998:   00000000d832f4b0 00000000d8330858
0x00007f7498dfb9a8:   0000000000000001 00000000d7616ee0
0x00007f7498dfb9b8:   00007f7498dfb9a8 00007f7498921216
0x00007f7498dfb9c8:   00007f7498dfba68 00007f7498921580
0x00007f7498dfb9d8:   0000000000000000 00007f7498921268
0x00007f7498dfb9e8:   00007f7498dfb970 00007f7498dfba38
0x00007f7498dfb9f8:   00007f7498dfbab0 00007f74ad008302
0x00007f7498dfba08:   0000000000000000 00000000d7616ee0
0x00007f7498dfba18:   0000000000000001 0000000000000400
0x00007f7498dfba28:   00000000d8320888 00000000d832f820
0x00007f7498dfba38:   00000000000001b5 0000000000000236
0x00007f7498dfba48:   0000000000000016 0000000000000002 

Instructions: (pc=0x0000000000000000)
0xffffffffffffffe0:   

Register to memory mapping:

RAX=0x00007f7499c58598: <offset 0x258598> in /usr/local/jdk1.8.0_111/jre/lib/amd64/libawt_xawt.so at 0x00007f7499a00000
RBX=0x00000000000001b5 is an unknown value
RCX=0x00000000000001b5 is an unknown value
RDX=0x0000000000000236 is an unknown value
RSP=0x00007f7498dfb858 is pointing into the stack for thread: 0x00007f74bc2e0800
RBP=0x00007f7498dfb880 is pointing into the stack for thread: 0x00007f74bc2e0800
RSI=0x00007f7498dfb918 is pointing into the stack for thread: 0x00007f74bc2e0800
RDI=0x00007f74bc2e09f8 is an unknown value
R8 =0x0000000000000000 is an unknown value
R9 =0x000000000000000c is an unknown value
R10=0x00007f74ad017a08 is at code_begin+808 in an Interpreter codelet
method entry point (kind = native)  [0x00007f74ad0176e0, 0x00007f74ad017fe0]  2304 bytes
R11=0x00007f74c23c2a70: <offset 0x9c2a70> in /usr/local/jdk1.8.0_111/jre/lib/amd64/server/libjvm.so at 0x00007f74c1a00000
R12=0x0000000000000236 is an unknown value
R13=0x00007f74bc2e09f8 is an unknown value
R14=0x00007f7498dfb918 is pointing into the stack for thread: 0x00007f74bc2e0800
R15=0x00007f74bc2e0800 is a thread


Stack: [0x00007f7498d00000,0x00007f7498e00000],  sp=0x00007f7498dfb858,  free space=1006k
Java frames: (J=compiled Java code, j=interpreted, Vv=VM code)
j  com.sun.java.swing.plaf.gtk.GTKEngine.nativeStartPainting(II)V+0
j  com.sun.java.swing.plaf.gtk.GTKEngine.startPainting(Ljava/awt/Graphics;IIII[Ljava/lang/Object;)V+5
j  com.sun.java.swing.plaf.gtk.GTKPainter$TitledBorder.paintBorder(Ljava/awt/Component;Ljava/awt/Graphics;IIII)V+86
j  javax.swing.border.TitledBorder.paintBorder(Ljava/awt/Component;Ljava/awt/Graphics;IIII)V+569
j  javax.swing.JComponent.paintBorder(Ljava/awt/Graphics;)V+22
j  javax.swing.JComponent.paint(Ljava/awt/Graphics;)V+292
j  javax.swing.JComponent.paintChildren(Ljava/awt/Graphics;)V+501
j  javax.swing.JComponent.paint(Ljava/awt/Graphics;)V+318
j  javax.swing.JComponent.paintChildren(Ljava/awt/Graphics;)V+501
j  javax.swing.JComponent.paint(Ljava/awt/Graphics;)V+318
j  javax.swing.JLayeredPane.paint(Ljava/awt/Graphics;)V+73
j  javax.swing.JComponent.paintChildren(Ljava/awt/Graphics;)V+501
j  javax.swing.JComponent.paintToOffscreen(Ljava/awt/Graphics;IIIIII)V+72
j  javax.swing.BufferStrategyPaintManager.paint(Ljavax/swing/JComponent;Ljavax/swing/JComponent;Ljava/awt/Graphics;IIII)Z+164
j  javax.swing.RepaintManager.paint(Ljavax/swing/JComponent;Ljavax/swing/JComponent;Ljava/awt/Graphics;IIII)V+51
j  javax.swing.JComponent.paint(Ljava/awt/Graphics;)V+221
j  java.awt.GraphicsCallback$PaintCallback.run(Ljava/awt/Component;Ljava/awt/Graphics;)V+2
j  sun.awt.SunGraphicsCallback.runOneComponent(Ljava/awt/Component;Ljava/awt/Rectangle;Ljava/awt/Graphics;Ljava/awt/Shape;I)V+155
j  sun.awt.SunGraphicsCallback.runComponents([Ljava/awt/Component;Ljava/awt/Graphics;I)V+194
j  java.awt.Container.paint(Ljava/awt/Graphics;)V+58
j  java.awt.Window.paint(Ljava/awt/Graphics;)V+68
j  javax.swing.RepaintManager$4.run()Ljava/lang/Void;+142
j  javax.swing.RepaintManager$4.run()Ljava/lang/Object;+1
v  ~StubRoutines::call_stub
j  java.security.AccessController.doPrivileged(Ljava/security/PrivilegedAction;Ljava/security/AccessControlContext;)Ljava/lang/Object;+0
j  java.security.ProtectionDomain$JavaSecurityAccessImpl.doIntersectionPrivilege(Ljava/security/PrivilegedAction;Ljava/security/AccessControlContext;Ljava/security/AccessControlContext;)Ljava/lang/Object;+18
j  javax.swing.RepaintManager.paintDirtyRegions(Ljava/util/Map;)V+154
j  javax.swing.RepaintManager.paintDirtyRegions()V+46
j  javax.swing.RepaintManager.prePaintDirtyRegions()V+73
j  javax.swing.RepaintManager.access$1200(Ljavax/swing/RepaintManager;)V+1
j  javax.swing.RepaintManager$ProcessingRunnable.run()V+37
j  java.awt.event.InvocationEvent.dispatch()V+47
j  java.awt.EventQueue.dispatchEventImpl(Ljava/awt/AWTEvent;Ljava/lang/Object;)V+21
j  java.awt.EventQueue.access$500(Ljava/awt/EventQueue;Ljava/awt/AWTEvent;Ljava/lang/Object;)V+3
j  java.awt.EventQueue$3.run()Ljava/lang/Void;+32
j  java.awt.EventQueue$3.run()Ljava/lang/Object;+1
v  ~StubRoutines::call_stub
j  java.security.AccessController.doPrivileged(Ljava/security/PrivilegedAction;Ljava/security/AccessControlContext;)Ljava/lang/Object;+0
j  java.security.ProtectionDomain$JavaSecurityAccessImpl.doIntersectionPrivilege(Ljava/security/PrivilegedAction;Ljava/security/AccessControlContext;Ljava/security/AccessControlContext;)Ljava/lang/Object;+18
j  java.awt.EventQueue.dispatchEvent(Ljava/awt/AWTEvent;)V+46
j  java.awt.EventDispatchThread.pumpOneEventForFilters(I)V+245
j  java.awt.EventDispatchThread.pumpEventsForFilter(ILjava/awt/Conditional;Ljava/awt/EventFilter;)V+35
j  java.awt.EventDispatchThread.pumpEventsForHierarchy(ILjava/awt/Conditional;Ljava/awt/Component;)V+11
j  java.awt.EventDispatchThread.pumpEvents(ILjava/awt/Conditional;)V+4
j  java.awt.EventDispatchThread.pumpEvents(Ljava/awt/Conditional;)V+3
j  java.awt.EventDispatchThread.run()V+9
v  ~StubRoutines::call_stub

---------------  P R O C E S S  ---------------

Java Threads: ( => current thread )
  0x00007f74bc009000 JavaThread "DestroyJavaVM" [_thread_blocked, id=12532, stack(0x00007f74c2d00000,0x00007f74c2e00000)]
=>0x00007f74bc2e0800 JavaThread "AWT-EventQueue-0" [_thread_in_native, id=12549, stack(0x00007f7498d00000,0x00007f7498e00000)]
  0x00007f74bc2ff000 JavaThread "AWT-Shutdown" [_thread_blocked, id=12548, stack(0x00007f7499100000,0x00007f7499200000)]
  0x00007f74bc246800 JavaThread "AWT-XAWT" daemon [_thread_in_native, id=12547, stack(0x00007f7499500000,0x00007f7499600000)]
  0x00007f74bc225800 JavaThread "Java2D Disposer" daemon [_thread_blocked, id=12546, stack(0x00007f7499900000,0x00007f7499a00000)]
  0x00007f74bc0c8000 JavaThread "Service Thread" daemon [_thread_blocked, id=12544, stack(0x00007f749a1fd000,0x00007f749a2fd000)]
  0x00007f74bc0bc800 JavaThread "C1 CompilerThread2" daemon [_thread_blocked, id=12543, stack(0x00007f749a2fe000,0x00007f749a3fe000)]
  0x00007f74bc0bb000 JavaThread "C2 CompilerThread1" daemon [_thread_blocked, id=12542, stack(0x00007f749a3ff000,0x00007f749a4ff000)]
  0x00007f74bc0b8000 JavaThread "C2 CompilerThread0" daemon [_thread_blocked, id=12541, stack(0x00007f749a500000,0x00007f749a600000)]
  0x00007f74bc0b6800 JavaThread "Signal Dispatcher" daemon [_thread_blocked, id=12540, stack(0x00007f749b3f7000,0x00007f749b4f7000)]
  0x00007f74bc084000 JavaThread "Finalizer" daemon [_thread_blocked, id=12539, stack(0x00007f749b4f7000,0x00007f749b5f7000)]
  0x00007f74bc07f800 JavaThread "Reference Handler" daemon [_thread_blocked, id=12538, stack(0x00007f749b5f7000,0x00007f749b6f7000)]

Other Threads:
  0x00007f74bc077800 VMThread [stack: 0x00007f749b6f8000,0x00007f749b7f8000] [id=12537]
  0x00007f74bc0cb000 WatcherThread [stack: 0x00007f749a0fd000,0x00007f749a1fd000] [id=12545]

VM state:not at safepoint (normal execution)

VM Mutex/Monitor currently owned by a thread: None

Heap:
 PSYoungGen      total 36864K, used 16509K [0x00000000d7380000, 0x00000000d9c80000, 0x0000000100000000)
  eden space 31744K, 52% used [0x00000000d7380000,0x00000000d839f440,0x00000000d9280000)
  from space 5120K, 0% used [0x00000000d9780000,0x00000000d9780000,0x00000000d9c80000)
  to   space 5120K, 0% used [0x00000000d9280000,0x00000000d9280000,0x00000000d9780000)
 ParOldGen       total 84992K, used 0K [0x0000000085a00000, 0x000000008ad00000, 0x00000000d7380000)
  object space 84992K, 0% used [0x0000000085a00000,0x0000000085a00000,0x000000008ad00000)
 Metaspace       used 14156K, capacity 14506K, committed 14720K, reserved 1062912K
  class space    used 1793K, capacity 1903K, committed 1920K, reserved 1048576K

Card table byte_map: [0x00007f74c066c000,0x00007f74c0a40000] byte_map_base: 0x00007f74c023f000

Marking Bits: (ParMarkBitMap*) 0x00007f74c29c3220
 Begin Bits: [0x00007f74a92d0000, 0x00007f74ab168000)
 End Bits:   [0x00007f74ab168000, 0x00007f74ad000000)

Polling page: 0x00007f74c31ca000

CodeCache: size=245760Kb used=3270Kb max_used=3270Kb free=242489Kb
 bounds [0x00007f74ad000000, 0x00007f74ad340000, 0x00007f74bc000000]
 total_blobs=1428 nmethods=872 adapters=470
 compilation: enabled

Compilation events (10 events):
Event: 1,111 Thread 0x00007f74bc0bc800  870       3       java.util.concurrent.locks.AbstractQueuedSynchronizer::release (33 bytes)
Event: 1,111 Thread 0x00007f74bc0b8000 nmethod 846 0x00007f74ad330f10 code [0x00007f74ad3310a0, 0x00007f74ad331a08]
Event: 1,111 Thread 0x00007f74bc0b8000  867       4       java.util.ArrayList::get (11 bytes)
Event: 1,112 Thread 0x00007f74bc0b8000 nmethod 867 0x00007f74ad32f410 code [0x00007f74ad32f560, 0x00007f74ad32f638]
Event: 1,112 Thread 0x00007f74bc0bc800 nmethod 870 0x00007f74ad32ee50 code [0x00007f74ad32efe0, 0x00007f74ad32f2f8]
Event: 1,112 Thread 0x00007f74bc0bc800  871       3       java.lang.Long::compareTo (9 bytes)
Event: 1,113 Thread 0x00007f74bc0bb000 nmethod 860 0x00007f74ad330610 code [0x00007f74ad330780, 0x00007f74ad330c58]
Event: 1,113 Thread 0x00007f74bc0bc800 nmethod 871 0x00007f74ad32ff10 code [0x00007f74ad3300a0, 0x00007f74ad3304f0]
Event: 1,115 Thread 0x00007f74bc0bc800  872       3       java.util.concurrent.locks.ReentrantLock$Sync::nonfairTryAcquire (67 bytes)
Event: 1,116 Thread 0x00007f74bc0bc800 nmethod 872 0x00007f74ad32dd90 code [0x00007f74ad32df40, 0x00007f74ad32e668]

GC Heap History (0 events):
No events

Deoptimization events (5 events):
Event: 0,248 Thread 0x00007f74bc009000 Uncommon trap: reason=null_check action=make_not_entrant pc=0x00007f74ad15e9e8 method=java.lang.String.equals(Ljava/lang/Object;)Z @ 8
Event: 0,785 Thread 0x00007f74bc2e0800 Uncommon trap: reason=unstable_if action=reinterpret pc=0x00007f74ad1b01e8 method=java.lang.String.<init>([CII)V @ 18
Event: 0,929 Thread 0x00007f74bc2e0800 Uncommon trap: reason=unstable_if action=reinterpret pc=0x00007f74ad24ccf0 method=java.util.HashMap.getNode(ILjava/lang/Object;)Ljava/util/HashMap$Node; @ 84
Event: 0,929 Thread 0x00007f74bc2e0800 Uncommon trap: reason=unstable_if action=reinterpret pc=0x00007f74ad1da34c method=java.util.HashMap.putVal(ILjava/lang/Object;Ljava/lang/Object;ZZ)Ljava/lang/Object; @ 109
Event: 0,936 Thread 0x00007f74bc2e0800 Uncommon trap: reason=unstable_if action=reinterpret pc=0x00007f74ad1d8cc8 method=java.util.HashMap.putVal(ILjava/lang/Object;Ljava/lang/Object;ZZ)Ljava/lang/Object; @ 109

Internal exceptions (10 events):
Event: 0,901 Thread 0x00007f74bc2e0800 Exception <a 'java/lang/NoSuchMethodError': <clinit>> (0x00000000d7eb6ed8) thrown at [/HUDSON3/workspace/8-2-build-linux-amd64/jdk8u111/7883/hotspot/src/share/vm/prims/jni.cpp, line 1613]
Event: 0,903 Thread 0x00007f74bc2e0800 Exception <a 'java/lang/NoSuchMethodError': <clinit>> (0x00000000d7ec7f28) thrown at [/HUDSON3/workspace/8-2-build-linux-amd64/jdk8u111/7883/hotspot/src/share/vm/prims/jni.cpp, line 1613]
Event: 0,904 Thread 0x00007f74bc2e0800 Exception <a 'java/lang/NoSuchMethodError': <clinit>> (0x00000000d7ed8ee8) thrown at [/HUDSON3/workspace/8-2-build-linux-amd64/jdk8u111/7883/hotspot/src/share/vm/prims/jni.cpp, line 1613]
Event: 0,905 Thread 0x00007f74bc2e0800 Exception <a 'java/lang/NoSuchMethodError': <clinit>> (0x00000000d7eecf30) thrown at [/HUDSON3/workspace/8-2-build-linux-amd64/jdk8u111/7883/hotspot/src/share/vm/prims/jni.cpp, line 1613]
Event: 0,906 Thread 0x00007f74bc2e0800 Exception <a 'java/lang/NoSuchMethodError': <clinit>> (0x00000000d7efcfb8) thrown at [/HUDSON3/workspace/8-2-build-linux-amd64/jdk8u111/7883/hotspot/src/share/vm/prims/jni.cpp, line 1613]
Event: 0,907 Thread 0x00007f74bc2e0800 Exception <a 'java/lang/NoSuchMethodError': <clinit>> (0x00000000d7f07b28) thrown at [/HUDSON3/workspace/8-2-build-linux-amd64/jdk8u111/7883/hotspot/src/share/vm/prims/jni.cpp, line 1613]
Event: 0,909 Thread 0x00007f74bc2e0800 Exception <a 'java/lang/NoSuchMethodError': <clinit>> (0x00000000d7f16890) thrown at [/HUDSON3/workspace/8-2-build-linux-amd64/jdk8u111/7883/hotspot/src/share/vm/prims/jni.cpp, line 1613]
Event: 0,910 Thread 0x00007f74bc2e0800 Exception <a 'java/lang/NoSuchMethodError': <clinit>> (0x00000000d7f24930) thrown at [/HUDSON3/workspace/8-2-build-linux-amd64/jdk8u111/7883/hotspot/src/share/vm/prims/jni.cpp, line 1613]
Event: 0,912 Thread 0x00007f74bc2e0800 Exception <a 'java/lang/NoSuchMethodError': <clinit>> (0x00000000d7f371d8) thrown at [/HUDSON3/workspace/8-2-build-linux-amd64/jdk8u111/7883/hotspot/src/share/vm/prims/jni.cpp, line 1613]
Event: 0,914 Thread 0x00007f74bc2e0800 Exception <a 'java/lang/NoSuchMethodError': <clinit>> (0x00000000d7f4ab58) thrown at [/HUDSON3/workspace/8-2-build-linux-amd64/jdk8u111/7883/hotspot/src/share/vm/prims/jni.cpp, line 1613]

Events (10 events):
Event: 1,126 loading class com/sun/java/swing/plaf/gtk/GTKEngine
Event: 1,127 loading class com/sun/java/swing/plaf/gtk/GTKEngine done
Event: 1,128 loading class sun/swing/ImageCache
Event: 1,128 loading class sun/swing/ImageCache done
Event: 1,128 loading class com/sun/java/swing/plaf/gtk/GTKEngine$WidgetType
Event: 1,129 loading class com/sun/java/swing/plaf/gtk/GTKEngine$WidgetType done
Event: 1,129 loading class com/sun/java/swing/plaf/gtk/GTKRegion
Event: 1,129 loading class com/sun/java/swing/plaf/gtk/GTKRegion done
Event: 1,130 loading class sun/swing/ImageCache$Entry
Event: 1,130 loading class sun/swing/ImageCache$Entry done


Dynamic libraries:
00400000-00401000 r-xp 00000000 08:05 5379715                            /usr/local/jdk1.8.0_111/bin/java
00600000-00601000 rw-p 00000000 08:05 5379715                            /usr/local/jdk1.8.0_111/bin/java
007e8000-00809000 rw-p 00000000 00:00 0                                  [heap]
85a00000-8ad00000 rw-p 00000000 00:00 0 
8ad00000-d7380000 ---p 00000000 00:00 0 
d7380000-d9c80000 rw-p 00000000 00:00 0 
d9c80000-100000000 ---p 00000000 00:00 0 
100000000-1001e0000 rw-p 00000000 00:00 0 
1001e0000-140000000 ---p 00000000 00:00 0 
7f7458000000-7f74584ee000 rw-p 00000000 00:00 0 
7f74584ee000-7f745c000000 ---p 00000000 00:00 0 
7f7460000000-7f7460021000 rw-p 00000000 00:00 0 
7f7460021000-7f7464000000 ---p 00000000 00:00 0 
7f7464fff000-7f7468000000 rw-p 00000000 00:00 0 
7f7468000000-7f7468021000 rw-p 00000000 00:00 0 
7f7468021000-7f746c000000 ---p 00000000 00:00 0 
7f746c000000-7f746c021000 rw-p 00000000 00:00 0 
7f746c021000-7f7470000000 ---p 00000000 00:00 0 
7f7470000000-7f7470021000 rw-p 00000000 00:00 0 
7f7470021000-7f7474000000 ---p 00000000 00:00 0 
7f7474000000-7f7474021000 rw-p 00000000 00:00 0 
7f7474021000-7f7478000000 ---p 00000000 00:00 0 
7f7478000000-7f7478103000 rw-p 00000000 00:00 0 
7f7478103000-7f747c000000 ---p 00000000 00:00 0 
7f747c000000-7f747c317000 rw-p 00000000 00:00 0 
7f747c317000-7f7480000000 ---p 00000000 00:00 0 
7f7480000000-7f7480021000 rw-p 00000000 00:00 0 
7f7480021000-7f7484000000 ---p 00000000 00:00 0 
7f7484000000-7f74841a1000 rw-p 00000000 00:00 0 
7f74841a1000-7f7488000000 ---p 00000000 00:00 0 
7f7488000000-7f7488021000 rw-p 00000000 00:00 0 
7f7488021000-7f748c000000 ---p 00000000 00:00 0 
7f748c000000-7f748c021000 rw-p 00000000 00:00 0 
7f748c021000-7f7490000000 ---p 00000000 00:00 0 
7f7490000000-7f7490021000 rw-p 00000000 00:00 0 
7f7490021000-7f7494000000 ---p 00000000 00:00 0 
7f7494000000-7f7494021000 rw-p 00000000 00:00 0 
7f7494021000-7f7498000000 ---p 00000000 00:00 0 
7f7498376000-7f74983f6000 rw-p 00000000 00:00 0 
7f74983f6000-7f7498576000 ---p 00000000 00:00 0 
7f7498576000-7f7498594000 r--s 00000000 08:05 6292514                    /usr/share/fonts/type1/urw-base35/NimbusSans-Italic.t1
7f7498594000-7f74985b7000 r--s 00000000 08:05 6292538                    /usr/share/fonts/type1/urw-base35/URWBookman-DemiItalic.t1
7f74985b7000-7f74985df000 r--s 00000000 08:05 6292532                    /usr/share/fonts/type1/urw-base35/P052-Roman.t1
7f74985df000-7f7498600000 r--s 00000000 08:05 6292502                    /usr/share/fonts/type1/urw-base35/NimbusRoman-Bold.t1
7f7498600000-7f7498669000 r-xp 00000000 08:05 5245791                    /usr/local/jdk1.8.0_111/jre/lib/amd64/libt2k.so
7f7498669000-7f7498869000 ---p 00069000 08:05 5245791                    /usr/local/jdk1.8.0_111/jre/lib/amd64/libt2k.so
7f7498869000-7f7498870000 rw-p 00069000 08:05 5245791                    /usr/local/jdk1.8.0_111/jre/lib/amd64/libt2k.so
7f7498870000-7f7498880000 rw-p 00000000 00:00 0 
7f7498883000-7f749889e000 r--s 00000000 08:05 6292520                    /usr/share/fonts/type1/urw-base35/NimbusSansNarrow-BoldOblique.t1
7f749889e000-7f74988b8000 r--s 00000000 08:05 6292548                    /usr/share/fonts/type1/urw-base35/URWGothic-Demi.t1
7f74988b8000-7f74988de000 r--s 00000000 08:05 6292484                    /usr/share/fonts/type1/urw-base35/C059-BdIta.t1
7f74988de000-7f7498900000 r--s 00000000 08:05 6292536                    /usr/share/fonts/type1/urw-base35/URWBookman-Demi.t1
7f7498900000-7f7498b00000 rw-p 00000000 00:00 0 
7f7498b00000-7f7498d00000 rw-p 00000000 00:00 0 
7f7498d00000-7f7498d03000 ---p 00000000 00:00 0 
7f7498d03000-7f7498e00000 rw-p 00000000 00:00 0 
7f7498e00000-7f7498e11000 r-xp 00000000 08:05 5245789                    /usr/local/jdk1.8.0_111/jre/lib/amd64/libnio.so
7f7498e11000-7f7499010000 ---p 00011000 08:05 5245789                    /usr/local/jdk1.8.0_111/jre/lib/amd64/libnio.so
7f7499010000-7f7499011000 rw-p 00010000 08:05 5245789                    /usr/local/jdk1.8.0_111/jre/lib/amd64/libnio.so
7f7499014000-7f749901d000 r--s 00000000 08:05 6291592                    /usr/share/fonts/X11/Type1/c0649bt_.pfb
7f749901d000-7f7499042000 r--s 00000000 08:05 6292488                    /usr/share/fonts/type1/urw-base35/C059-Italic.t1
7f7499042000-7f749905d000 r--s 00000000 08:05 6292522                    /usr/share/fonts/type1/urw-base35/NimbusSansNarrow-Oblique.t1
7f749905d000-7f749907f000 r--s 00000000 08:05 6292540                    /usr/share/fonts/type1/urw-base35/URWBookman-Light.t1
7f749907f000-7f7499099000 r--s 00000000 08:05 6292518                    /usr/share/fonts/type1/urw-base35/NimbusSansNarrow-Bold.t1
7f7499099000-7f74990b4000 r--s 00000000 08:05 6292510                    /usr/share/fonts/type1/urw-base35/NimbusSans-Bold.t1
7f74990b4000-7f74990d7000 r--s 00000000 08:05 6292498                    /usr/share/fonts/type1/urw-base35/NimbusMonoPS-Italic.t1
7f74990d7000-7f7499100000 r--s 00000000 08:05 6292552                    /usr/share/fonts/type1/urw-base35/Z003-MediumItalic.t1
7f7499100000-7f7499103000 ---p 00000000 00:00 0 
7f7499103000-7f7499200000 rw-p 00000000 00:00 0 
7f7499200000-7f7499216000 r-xp 00000000 08:05 5245790                    /usr/local/jdk1.8.0_111/jre/lib/amd64/libnet.so
7f7499216000-7f7499416000 ---p 00016000 08:05 5245790                    /usr/local/jdk1.8.0_111/jre/lib/amd64/libnet.so
7f7499416000-7f7499417000 rw-p 00016000 08:05 5245790                    /usr/local/jdk1.8.0_111/jre/lib/amd64/libnet.so
7f7499419000-7f7499423000 r--s 00000000 08:05 6291584                    /usr/share/fonts/X11/Type1/c0611bt_.pfb
7f7499423000-7f7499447000 r--s 00000000 08:05 6292490                    /usr/share/fonts/type1/urw-base35/C059-Roman.t1
7f7499447000-7f7499451000 r--s 00000000 08:05 6291578                    /usr/share/fonts/X11/Type1/c0419bt_.pfb
7f7499451000-7f749946b000 r--s 00000000 08:05 6292516                    /usr/share/fonts/type1/urw-base35/NimbusSans-Regular.t1
7f749946b000-7f7499494000 r--s 00000000 08:05 6292528                    /usr/share/fonts/type1/urw-base35/P052-BoldItalic.t1
7f7499494000-7f74994ba000 r--s 00000000 08:05 6292496                    /usr/share/fonts/type1/urw-base35/NimbusMonoPS-BoldItalic.t1
7f74994ba000-7f74994e1000 r--s 00000000 08:05 6292494                    /usr/share/fonts/type1/urw-base35/NimbusMonoPS-Bold.t1
7f74994e1000-7f7499500000 r--s 00000000 08:05 6292512                    /usr/share/fonts/type1/urw-base35/NimbusSans-BoldItalic.t1
7f7499500000-7f7499503000 ---p 00000000 00:00 0 
7f7499503000-7f7499600000 rw-p 00000000 00:00 0 
7f7499600000-7f7499665000 r-xp 00000000 08:05 5245708                    /usr/local/jdk1.8.0_111/jre/lib/amd64/libfontmanager.so
7f7499665000-7f7499864000 ---p 00065000 08:05 5245708                    /usr/local/jdk1.8.0_111/jre/lib/amd64/libfontmanager.so
7f7499864000-7f7499869000 rw-p 00064000 08:05 5245708                    /usr/local/jdk1.8.0_111/jre/lib/amd64/libfontmanager.so
7f7499869000-7f7499879000 rw-p 00000000 00:00 0 
7f749987a000-7f749989d000 r--s 00000000 08:05 6292504                    /usr/share/fonts/type1/urw-base35/NimbusRoman-BoldItalic.t1
7f749989d000-7f74998be000 r--s 00000000 08:05 6292508                    /usr/share/fonts/type1/urw-base35/NimbusRoman-Regular.t1
7f74998be000-7f74998d8000 r--s 00000000 08:05 6292550                    /usr/share/fonts/type1/urw-base35/URWGothic-DemiOblique.t1
7f74998d8000-7f7499900000 r--s 00000000 08:05 6292530                    /usr/share/fonts/type1/urw-base35/P052-Italic.t1
7f7499900000-7f7499903000 ---p 00000000 00:00 0 
7f7499903000-7f7499a00000 rw-p 00000000 00:00 0 
7f7499a00000-7f7499a54000 r-xp 00000000 08:05 5245736                    /usr/local/jdk1.8.0_111/jre/lib/amd64/libawt_xawt.so
7f7499a54000-7f7499c54000 ---p 00054000 08:05 5245736                    /usr/local/jdk1.8.0_111/jre/lib/amd64/libawt_xawt.so
7f7499c54000-7f7499c58000 rw-p 00054000 08:05 5245736                    /usr/local/jdk1.8.0_111/jre/lib/amd64/libawt_xawt.so
7f7499c58000-7f7499c59000 rw-p 00000000 00:00 0 
7f7499c5a000-7f7499c64000 r--s 00000000 08:05 6291580                    /usr/share/fonts/X11/Type1/c0582bt_.pfb
7f7499c64000-7f7499c6e000 r--s 00000000 08:05 6291582                    /usr/share/fonts/X11/Type1/c0583bt_.pfb
7f7499c6e000-7f7499c96000 r--s 00000000 08:05 6292526                    /usr/share/fonts/type1/urw-base35/P052-Bold.t1
7f7499c96000-7f7499ca1000 r--s 00000000 08:05 6822966                    /var/cache/fontconfig/8ac07576-5a0a-4de0-a7e9-a9f8c7652dbb-le64.cache-7
7f7499ca1000-7f7499cb7000 r--s 00000000 08:05 6823042                    /var/cache/fontconfig/e8162f21-9ff0-488f-a2d1-91b99278654a-le64.cache-7
7f7499cb7000-7f7499cc2000 r--s 00000000 08:05 6822966                    /var/cache/fontconfig/8ac07576-5a0a-4de0-a7e9-a9f8c7652dbb-le64.cache-7
7f7499cc2000-7f7499cdb000 r--p 00000000 08:05 4856072                    /usr/lib/x86_64-linux-gnu/libX11.so.6.4.0
7f7499cdb000-7f7499d66000 r-xp 00019000 08:05 4856072                    /usr/lib/x86_64-linux-gnu/libX11.so.6.4.0
7f7499d66000-7f7499dfb000 r--p 000a4000 08:05 4856072                    /usr/lib/x86_64-linux-gnu/libX11.so.6.4.0
7f7499dfb000-7f7499dfc000 r--p 00139000 08:05 4856072                    /usr/lib/x86_64-linux-gnu/libX11.so.6.4.0
7f7499dfc000-7f7499e00000 rw-p 0013a000 08:05 4856072                    /usr/lib/x86_64-linux-gnu/libX11.so.6.4.0
7f7499e00000-7f7499ea2000 r-xp 00000000 08:05 5245792                    /usr/local/jdk1.8.0_111/jre/lib/amd64/libawt.so
7f7499ea2000-7f749a0a2000 ---p 000a2000 08:05 5245792                    /usr/local/jdk1.8.0_111/jre/lib/amd64/libawt.so
7f749a0a2000-7f749a0ae000 rw-p 000a2000 08:05 5245792                    /usr/local/jdk1.8.0_111/jre/lib/amd64/libawt.so
7f749a0ae000-7f749a0d2000 rw-p 00000000 00:00 0 
7f749a0d8000-7f749a0de000 r--s 00000000 08:05 6822863                    /var/cache/fontconfig/1552505b-c481-4c49-ad0a-7faa684283b5-le64.cache-7
7f749a0de000-7f749a0f4000 r--s 00000000 08:05 6823042                    /var/cache/fontconfig/e8162f21-9ff0-488f-a2d1-91b99278654a-le64.cache-7
7f749a0f4000-7f749a0fc000 r--s 00000000 08:05 6823032                    /var/cache/fontconfig/dd090c47-816d-4863-91b5-da4a94db9eab-le64.cache-7
7f749a0fc000-7f749a0fd000 ---p 00000000 00:00 0 
7f749a0fd000-7f749a1fd000 rw-p 00000000 00:00 0 
7f749a1fd000-7f749a200000 ---p 00000000 00:00 0 
7f749a200000-7f749a2fd000 rw-p 00000000 00:00 0 
7f749a2fd000-7f749a2fe000 ---p 00000000 00:00 0 
7f749a2fe000-7f749a301000 ---p 00000000 00:00 0 
7f749a301000-7f749a3fe000 rw-p 00000000 00:00 0 
7f749a3fe000-7f749a3ff000 ---p 00000000 00:00 0 
7f749a3ff000-7f749a402000 ---p 00000000 00:00 0 
7f749a402000-7f749a4ff000 rw-p 00000000 00:00 0 
7f749a4ff000-7f749a500000 ---p 00000000 00:00 0 
7f749a500000-7f749a503000 ---p 00000000 00:00 0 
7f749a503000-7f749a600000 rw-p 00000000 00:00 0 
7f749a600000-7f749b3e7000 r--p 00000000 08:05 4855237                    /usr/lib/locale/locale-archive
7f749b3e7000-7f749b3e8000 r--s 00000000 08:05 6823011                    /var/cache/fontconfig/cd505f53-3fae-401d-b348-4b651f325e16-le64.cache-7
7f749b3e8000-7f749b3e9000 r--s 00000000 08:05 6822930                    /var/cache/fontconfig/5d7bbd03-419d-4d40-b50d-a32dc30062f6-le64.cache-7
7f749b3e9000-7f749b3ea000 r--s 00000000 08:05 6823012                    /var/cache/fontconfig/ce05d696-83fd-445d-85e8-eb03229d5af0-le64.cache-7
7f749b3ea000-7f749b3ec000 r--s 00000000 08:05 6822984                    /var/cache/fontconfig/a865e4b7-c0fc-4d61-bc4d-3ffa540eb49e-le64.cache-7
7f749b3ec000-7f749b3ed000 r--s 00000000 08:05 6822886                    /var/cache/fontconfig/2c43a5e0-ad54-4cb1-8815-2bcb52b0c509-le64.cache-7
7f749b3ed000-7f749b3ef000 r--s 00000000 08:05 6822933                    /var/cache/fontconfig/6219f99f-4ba9-497f-8ec0-1626844de6ca-le64.cache-7
7f749b3ef000-7f749b3f2000 r--s 00000000 08:05 6822912                    /var/cache/fontconfig/533317c6-dee5-4521-9e52-047e371cc08a-le64.cache-7
7f749b3f2000-7f749b3f7000 r--s 00000000 08:05 6823047                    /var/cache/fontconfig/f280b652-c752-4cee-9bd8-fa090c6d8381-le64.cache-7
7f749b3f7000-7f749b3fa000 ---p 00000000 00:00 0 
7f749b3fa000-7f749b4f7000 rw-p 00000000 00:00 0 
7f749b4f7000-7f749b4fa000 ---p 00000000 00:00 0 
7f749b4fa000-7f749b5f7000 rw-p 00000000 00:00 0 
7f749b5f7000-7f749b5fa000 ---p 00000000 00:00 0 
7f749b5fa000-7f749b6f7000 rw-p 00000000 00:00 0 
7f749b6f7000-7f749b6f8000 ---p 00000000 00:00 0 
7f749b6f8000-7f749c000000 rw-p 00000000 00:00 0 
7f749c000000-7f749c021000 rw-p 00000000 00:00 0 
7f749c021000-7f74a0000000 ---p 00000000 00:00 0 
7f74a0000000-7f74a0021000 rw-p 00000000 00:00 0 
7f74a0021000-7f74a4000000 ---p 00000000 00:00 0 
7f74a4000000-7f74a4021000 rw-p 00000000 00:00 0 
7f74a4021000-7f74a8000000 ---p 00000000 00:00 0 
7f74a8000000-7f74a8002000 r--s 00000000 08:05 6822900                    /var/cache/fontconfig/438c65e2-a33a-4502-9814-c1883734f4a5-le64.cache-7
7f74a8002000-7f74a8003000 r--s 00000000 08:05 6823029                    /var/cache/fontconfig/db1872d4-5b9c-4ac1-9b25-9923cea7cc14-le64.cache-7
7f74a8003000-7f74a8004000 r--s 00000000 08:05 6823026                    /var/cache/fontconfig/d95f70eb-85ea-44b5-96ad-6750669b12d7-le64.cache-7
7f74a8004000-7f74a8005000 r--s 00000000 08:05 6822932                    /var/cache/fontconfig/600e8562-7df3-4ace-bee3-4d608c73141b-le64.cache-7
7f74a8005000-7f74a8006000 r--s 00000000 08:05 6822875                    /var/cache/fontconfig/2040b2bd-ba1e-4e8d-b573-43b455e966a1-le64.cache-7
7f74a8006000-7f74a8007000 r--s 00000000 08:05 6822862                    /var/cache/fontconfig/14fcdc6e-0067-4563-82f6-fccb0b67ae43-le64.cache-7
7f74a8007000-7f74a8008000 r--s 00000000 08:05 6822936                    /var/cache/fontconfig/645dfb02-a776-4a33-ba2a-27f25c670c19-le64.cache-7
7f74a8008000-7f74a8009000 r--s 00000000 08:05 6822965                    /var/cache/fontconfig/89ea5699-a04b-45e1-ae91-4dbbae402507-le64.cache-7
7f74a8009000-7f74a800a000 r--s 00000000 08:05 6823010                    /var/cache/fontconfig/cb971713-08e2-4db5-9eb3-2ed055c61582-le64.cache-7
7f74a800a000-7f74a800b000 r--s 00000000 08:05 6823001                    /var/cache/fontconfig/c53ce3fb-0f45-4ecf-8acf-d9228b8cb8f6-le64.cache-7
7f74a800b000-7f74a8011000 r--s 00000000 08:05 6822990                    /var/cache/fontconfig/aff49c49-0176-43a2-9e34-f71c20fe91b9-le64.cache-7
7f74a8011000-7f74a8018000 r--s 00000000 08:05 6822969                    /var/cache/fontconfig/91c4b2dd-483f-45f8-bb7d-9dd7e343e025-le64.cache-7
7f74a8018000-7f74a801e000 r--s 00000000 08:05 6823048                    /var/cache/fontconfig/f627387f-0a99-488e-ab39-287b3eddd63d-le64.cache-7
7f74a801e000-7f74a8031000 r--s 00000000 08:05 6823041                    /var/cache/fontconfig/e6edbb77-d7d5-4df8-9e21-6944fd8d772d-le64.cache-7
7f74a8031000-7f74a8037000 r--s 00000000 08:05 6822968                    /var/cache/fontconfig/91a1fa4c-e970-4844-8a7b-2c34b10ea004-le64.cache-7
7f74a8037000-7f74a8045000 r--s 00000000 08:05 6822872                    /var/cache/fontconfig/1d4bdf34-23d5-4108-ba54-54a19c155bfc-le64.cache-7
7f74a8045000-7f74a8055000 r--s 00000000 08:05 6822964                    /var/cache/fontconfig/890c0278-fa02-4a0d-90d3-20a7fee2ad62-le64.cache-7
7f74a8055000-7f74a805e000 r--s 00000000 08:05 6291588                    /usr/share/fonts/X11/Type1/c0633bt_.pfb
7f74a805e000-7f74a8064000 r--s 00000000 08:05 6822863                    /var/cache/fontconfig/1552505b-c481-4c49-ad0a-7faa684283b5-le64.cache-7
7f74a8064000-7f74a8065000 r--s 00000000 08:05 6823011                    /var/cache/fontconfig/cd505f53-3fae-401d-b348-4b651f325e16-le64.cache-7
7f74a8065000-7f74a8066000 r--s 00000000 08:05 6822930                    /var/cache/fontconfig/5d7bbd03-419d-4d40-b50d-a32dc30062f6-le64.cache-7
7f74a8066000-7f74a806e000 r--s 00000000 08:05 6823032                    /var/cache/fontconfig/dd090c47-816d-4863-91b5-da4a94db9eab-le64.cache-7
7f74a806e000-7f74a806f000 r--s 00000000 08:05 6823012                    /var/cache/fontconfig/ce05d696-83fd-445d-85e8-eb03229d5af0-le64.cache-7
7f74a806f000-7f74a8071000 r--s 00000000 08:05 6822984                    /var/cache/fontconfig/a865e4b7-c0fc-4d61-bc4d-3ffa540eb49e-le64.cache-7
7f74a8071000-7f74a8072000 r--s 00000000 08:05 6822886                    /var/cache/fontconfig/2c43a5e0-ad54-4cb1-8815-2bcb52b0c509-le64.cache-7
7f74a8072000-7f74a8074000 r--s 00000000 08:05 6822933                    /var/cache/fontconfig/6219f99f-4ba9-497f-8ec0-1626844de6ca-le64.cache-7
7f74a8074000-7f74a8076000 r--s 00000000 08:05 6822900                    /var/cache/fontconfig/438c65e2-a33a-4502-9814-c1883734f4a5-le64.cache-7
7f74a8076000-7f74a8079000 r--s 00000000 08:05 6822912                    /var/cache/fontconfig/533317c6-dee5-4521-9e52-047e371cc08a-le64.cache-7
7f74a8079000-7f74a807e000 r--s 00000000 08:05 6823047                    /var/cache/fontconfig/f280b652-c752-4cee-9bd8-fa090c6d8381-le64.cache-7
7f74a807e000-7f74a807f000 r--s 00000000 08:05 6823029                    /var/cache/fontconfig/db1872d4-5b9c-4ac1-9b25-9923cea7cc14-le64.cache-7
7f74a807f000-7f74a8080000 r--s 00000000 08:05 6823026                    /var/cache/fontconfig/d95f70eb-85ea-44b5-96ad-6750669b12d7-le64.cache-7
7f74a8080000-7f74a8081000 r--s 00000000 08:05 6822932                    /var/cache/fontconfig/600e8562-7df3-4ace-bee3-4d608c73141b-le64.cache-7
7f74a8081000-7f74a8082000 r--s 00000000 08:05 6822875                    /var/cache/fontconfig/2040b2bd-ba1e-4e8d-b573-43b455e966a1-le64.cache-7
7f74a8082000-7f74a8083000 r--s 00000000 08:05 6822862                    /var/cache/fontconfig/14fcdc6e-0067-4563-82f6-fccb0b67ae43-le64.cache-7
7f74a8083000-7f74a8084000 r--s 00000000 08:05 6822936                    /var/cache/fontconfig/645dfb02-a776-4a33-ba2a-27f25c670c19-le64.cache-7
7f74a8084000-7f74a8085000 r--s 00000000 08:05 6822965                    /var/cache/fontconfig/89ea5699-a04b-45e1-ae91-4dbbae402507-le64.cache-7
7f74a8085000-7f74a8086000 r--s 00000000 08:05 6823010                    /var/cache/fontconfig/cb971713-08e2-4db5-9eb3-2ed055c61582-le64.cache-7
7f74a8086000-7f74a8087000 r--s 00000000 08:05 6823001                    /var/cache/fontconfig/c53ce3fb-0f45-4ecf-8acf-d9228b8cb8f6-le64.cache-7
7f74a8087000-7f74a8088000 r--s 00000000 08:05 6822970                    /var/cache/fontconfig/92297b38-9f7b-4c81-8bb0-dabae87911e1-le64.cache-7
7f74a8088000-7f74a8089000 r--s 00000000 08:05 6823000                    /var/cache/fontconfig/c24f7a7e-5214-4659-97a8-9a6e559ae7c0-le64.cache-7
7f74a8089000-7f74a808a000 r--s 00000000 08:05 6822951                    /var/cache/fontconfig/73564b81-fb84-4368-9607-56318c255375-le64.cache-7
7f74a808a000-7f74a8090000 r--s 00000000 08:05 6822990                    /var/cache/fontconfig/aff49c49-0176-43a2-9e34-f71c20fe91b9-le64.cache-7
7f74a8090000-7f74a8097000 r--s 00000000 08:05 6822969                    /var/cache/fontconfig/91c4b2dd-483f-45f8-bb7d-9dd7e343e025-le64.cache-7
7f74a8097000-7f74a8098000 r--s 00000000 08:05 6823053                    /var/cache/fontconfig/fa9ffdc2-ac45-452f-bd96-561feca0dfcf-le64.cache-7
7f74a8098000-7f74a8099000 r--s 00000000 08:05 6823033                    /var/cache/fontconfig/dd84769b-d50e-47e2-8740-1fd0834347be-le64.cache-7
7f74a8099000-7f74a809f000 r--s 00000000 08:05 6823048                    /var/cache/fontconfig/f627387f-0a99-488e-ab39-287b3eddd63d-le64.cache-7
7f74a809f000-7f74a80b2000 r--s 00000000 08:05 6823041                    /var/cache/fontconfig/e6edbb77-d7d5-4df8-9e21-6944fd8d772d-le64.cache-7
7f74a80b2000-7f74a80b8000 r--s 00000000 08:05 6822968                    /var/cache/fontconfig/91a1fa4c-e970-4844-8a7b-2c34b10ea004-le64.cache-7
7f74a80b8000-7f74a80b9000 r--s 00000000 08:05 6822946                    /var/cache/fontconfig/6c85f7f4-5ac8-4c22-a4a1-07d1c3aa3bd8-le64.cache-7
7f74a80b9000-7f74a80ba000 r--s 00000000 08:05 6822989                    /var/cache/fontconfig/af56f571-573f-4172-9db7-1334d0d5893b-le64.cache-7
7f74a80ba000-7f74a80bb000 r--s 00000000 08:05 6822901                    /var/cache/fontconfig/46e99191-61e1-407b-9498-f97cb4431762-le64.cache-7
7f74a80bb000-7f74a80bc000 r--s 00000000 08:05 6822985                    /var/cache/fontconfig/aa971242-178a-401a-96b4-ef66705d4b38-le64.cache-7
7f74a80bc000-7f74a80bf000 r--s 00000000 08:05 6822858                    /var/cache/fontconfig/13871ba7-e5d8-429d-8fc9-e54b78dd601a-le64.cache-7
7f74a80bf000-7f74a80c2000 r--s 00000000 08:05 6822991                    /var/cache/fontconfig/b2cd030f-26ef-4401-b82b-ec5145053489-le64.cache-7
7f74a80c2000-7f74a80c6000 r--s 00000000 08:05 6822957                    /var/cache/fontconfig/7bd619e6-489f-40e3-ae78-c16f9cd0f31c-le64.cache-7
7f74a80c6000-7f74a80d4000 r--s 00000000 08:05 6822872                    /var/cache/fontconfig/1d4bdf34-23d5-4108-ba54-54a19c155bfc-le64.cache-7
7f74a80d5000-7f74a80dd000 r--s 00000000 08:05 6292534                    /usr/share/fonts/type1/urw-base35/StandardSymbolsPS.t1
7f74a80dd000-7f74a80f7000 r--s 00000000 08:05 6292524                    /usr/share/fonts/type1/urw-base35/NimbusSansNarrow-Regular.t1
7f74a80f7000-7f74ad000000 rw-p 00000000 00:00 0 
7f74ad000000-7f74ad340000 rwxp 00000000 00:00 0 
7f74ad340000-7f74bc000000 ---p 00000000 00:00 0 
7f74bc000000-7f74bc595000 rw-p 00000000 00:00 0 
7f74bc595000-7f74c0000000 ---p 00000000 00:00 0 
7f74c0000000-7f74c0001000 r--s 00000000 08:05 6822970                    /var/cache/fontconfig/92297b38-9f7b-4c81-8bb0-dabae87911e1-le64.cache-7
7f74c0001000-7f74c0002000 r--s 00000000 08:05 6823000                    /var/cache/fontconfig/c24f7a7e-5214-4659-97a8-9a6e559ae7c0-le64.cache-7
7f74c0002000-7f74c0003000 r--s 00000000 08:05 6822951                    /var/cache/fontconfig/73564b81-fb84-4368-9607-56318c255375-le64.cache-7
7f74c0003000-7f74c0004000 r--s 00000000 08:05 6823053                    /var/cache/fontconfig/fa9ffdc2-ac45-452f-bd96-561feca0dfcf-le64.cache-7
7f74c0004000-7f74c0005000 r--s 00000000 08:05 6823033                    /var/cache/fontconfig/dd84769b-d50e-47e2-8740-1fd0834347be-le64.cache-7
7f74c0005000-7f74c0106000 rw-p 00000000 00:00 0 
7f74c0106000-7f74c02de000 r--s 03d2a000 08:05 4989186                    /usr/local/jdk1.8.0_111/jre/lib/rt.jar
7f74c02de000-7f74c02df000 ---p 00000000 00:00 0 
7f74c02df000-7f74c0409000 rw-p 00000000 00:00 0 
7f74c0409000-7f74c066c000 ---p 00000000 00:00 0 
7f74c066c000-7f74c0696000 rw-p 00000000 00:00 0 
7f74c0696000-7f74c08f8000 ---p 00000000 00:00 0 
7f74c08f8000-7f74c090e000 rw-p 00000000 00:00 0 
7f74c090e000-7f74c0a3f000 ---p 00000000 00:00 0 
7f74c0a3f000-7f74c0a4d000 rw-p 00000000 00:00 0 
7f74c0a4d000-7f74c0e00000 ---p 00000000 00:00 0 
7f74c0e00000-7f74c0e1a000 r-xp 00000000 08:05 5245788                    /usr/local/jdk1.8.0_111/jre/lib/amd64/libzip.so
7f74c0e1a000-7f74c101a000 ---p 0001a000 08:05 5245788                    /usr/local/jdk1.8.0_111/jre/lib/amd64/libzip.so
7f74c101a000-7f74c101b000 rw-p 0001a000 08:05 5245788                    /usr/local/jdk1.8.0_111/jre/lib/amd64/libzip.so
7f74c101b000-7f74c101c000 r--s 00000000 08:05 6822946                    /var/cache/fontconfig/6c85f7f4-5ac8-4c22-a4a1-07d1c3aa3bd8-le64.cache-7
7f74c101c000-7f74c101d000 r--s 00000000 08:05 6822989                    /var/cache/fontconfig/af56f571-573f-4172-9db7-1334d0d5893b-le64.cache-7
7f74c101d000-7f74c101e000 r--s 00000000 08:05 6822901                    /var/cache/fontconfig/46e99191-61e1-407b-9498-f97cb4431762-le64.cache-7
7f74c101e000-7f74c1020000 r--s 00000000 08:05 6822963                    /var/cache/fontconfig/867fd792-2eac-442d-827b-fd4f579ec199-le64.cache-7
7f74c1020000-7f74c1021000 r--s 00000000 08:05 6822931                    /var/cache/fontconfig/5dfa7a4f-68cb-4406-975c-48fefbf6dff0-le64.cache-7
7f74c1021000-7f74c1022000 r--s 00000000 08:05 6822911                    /var/cache/fontconfig/52442f27-3164-449c-8152-68991b372b1e-le64.cache-7
7f74c1022000-7f74c1023000 r--s 00000000 08:05 6823014                    /var/cache/fontconfig/d1d939c0-e09a-47a9-aaef-416f7a747d69-le64.cache-7
7f74c1023000-7f74c1024000 r--s 00000000 08:05 6822891                    /var/cache/fontconfig/354f53a0-b48c-4168-a0a8-1c75b332d917-le64.cache-7
7f74c1024000-7f74c1025000 r--s 00000000 08:05 6822866                    /var/cache/fontconfig/17bf2e5a-71aa-4784-922f-c385fdb4bd0c-le64.cache-7
7f74c1025000-7f74c1026000 r--s 00000000 08:05 6823013                    /var/cache/fontconfig/d1a1f271-b66b-441b-b7a7-85399a809640-le64.cache-7
7f74c1026000-7f74c1036000 r--s 00000000 08:05 6822964                    /var/cache/fontconfig/890c0278-fa02-4a0d-90d3-20a7fee2ad62-le64.cache-7
7f74c1036000-7f74c103f000 r--s 00000000 08:05 6291586                    /usr/share/fonts/X11/Type1/c0632bt_.pfb
7f74c103f000-7f74c1063000 r--s 00000000 08:05 6292486                    /usr/share/fonts/type1/urw-base35/C059-Bold.t1
7f74c1063000-7f74c1086000 r--s 00000000 08:05 6292506                    /usr/share/fonts/type1/urw-base35/NimbusRoman-Italic.t1
7f74c1086000-7f74c10a0000 r--s 00000000 08:05 6292546                    /usr/share/fonts/type1/urw-base35/URWGothic-BookOblique.t1
7f74c10a0000-7f74c10b9000 r--s 00000000 08:05 6292544                    /usr/share/fonts/type1/urw-base35/URWGothic-Book.t1
7f74c10b9000-7f74c10dc000 r--s 00000000 08:05 6292542                    /usr/share/fonts/type1/urw-base35/URWBookman-LightItalic.t1
7f74c10dc000-7f74c10ff000 r--s 00000000 08:05 6292500                    /usr/share/fonts/type1/urw-base35/NimbusMonoPS-Regular.t1
7f74c10ff000-7f74c1100000 ---p 00000000 00:00 0 
7f74c1100000-7f74c1200000 rw-p 00000000 00:00 0 
7f74c1200000-7f74c122b000 r-xp 00000000 08:05 5245781                    /usr/local/jdk1.8.0_111/jre/lib/amd64/libjava.so
7f74c122b000-7f74c142a000 ---p 0002b000 08:05 5245781                    /usr/local/jdk1.8.0_111/jre/lib/amd64/libjava.so
7f74c142a000-7f74c142c000 rw-p 0002a000 08:05 5245781                    /usr/local/jdk1.8.0_111/jre/lib/amd64/libjava.so
7f74c142c000-7f74c142f000 r--s 00000000 08:05 6822858                    /var/cache/fontconfig/13871ba7-e5d8-429d-8fc9-e54b78dd601a-le64.cache-7
7f74c142f000-7f74c1431000 r--s 00000000 08:05 6822963                    /var/cache/fontconfig/867fd792-2eac-442d-827b-fd4f579ec199-le64.cache-7
7f74c1431000-7f74c1434000 r--s 00000000 08:05 6822991                    /var/cache/fontconfig/b2cd030f-26ef-4401-b82b-ec5145053489-le64.cache-7
7f74c1434000-7f74c1435000 r--s 00000000 08:05 6822926                    /var/cache/fontconfig/5867800f-5a6a-4032-9ef4-580a1d8e51ad-le64.cache-7
7f74c1435000-7f74c1438000 r--s 00000000 08:05 6822960                    /var/cache/fontconfig/8441ed7c-25c9-417d-b5a2-3458764d59c0-le64.cache-7
7f74c143b000-7f74c1446000 r--s 00000000 08:05 6292492                    /usr/share/fonts/type1/urw-base35/D050000L.t1
7f74c1446000-7f74c144f000 r--s 00000000 08:05 6291590                    /usr/share/fonts/X11/Type1/c0648bt_.pfb
7f74c144f000-7f74c1450000 r--s 00000000 08:05 6822967                    /var/cache/fontconfig/8ad02337-efa9-4ba3-ba11-cf544248c232-le64.cache-7
7f74c1450000-7f74c145e000 r--s 00000000 08:05 6822937                    /var/cache/fontconfig/655822e4-ca4e-40c7-aa44-ceb59777b841-le64.cache-7
7f74c145e000-7f74c1466000 r--s 00000000 08:05 6292534                    /usr/share/fonts/type1/urw-base35/StandardSymbolsPS.t1
7f74c1466000-7f74c1479000 r--s 00345000 08:05 4989153                    /usr/local/jdk1.8.0_111/jre/lib/resources.jar
7f74c1479000-7f74c147e000 r--s 00096000 08:05 4989171                    /usr/local/jdk1.8.0_111/jre/lib/jsse.jar
7f74c147e000-7f74c1480000 r--p 00000000 08:05 4856091                    /usr/lib/x86_64-linux-gnu/libXfixes.so.3.1.0
7f74c1480000-7f74c1483000 r-xp 00002000 08:05 4856091                    /usr/lib/x86_64-linux-gnu/libXfixes.so.3.1.0
7f74c1483000-7f74c1484000 r--p 00005000 08:05 4856091                    /usr/lib/x86_64-linux-gnu/libXfixes.so.3.1.0
7f74c1484000-7f74c1485000 r--p 00006000 08:05 4856091                    /usr/lib/x86_64-linux-gnu/libXfixes.so.3.1.0
7f74c1485000-7f74c1486000 rw-p 00007000 08:05 4856091                    /usr/lib/x86_64-linux-gnu/libXfixes.so.3.1.0
7f74c1486000-7f74c1489000 r--p 00000000 08:05 4856678                    /usr/lib/x86_64-linux-gnu/libgcc_s.so.1
7f74c1489000-7f74c14a0000 r-xp 00003000 08:05 4856678                    /usr/lib/x86_64-linux-gnu/libgcc_s.so.1
7f74c14a0000-7f74c14a4000 r--p 0001a000 08:05 4856678                    /usr/lib/x86_64-linux-gnu/libgcc_s.so.1
7f74c14a4000-7f74c14a5000 r--p 0001d000 08:05 4856678                    /usr/lib/x86_64-linux-gnu/libgcc_s.so.1
7f74c14a5000-7f74c14a6000 rw-p 0001e000 08:05 4856678                    /usr/lib/x86_64-linux-gnu/libgcc_s.so.1
7f74c14a6000-7f74c14a7000 r--s 00000000 08:05 6822985                    /var/cache/fontconfig/aa971242-178a-401a-96b4-ef66705d4b38-le64.cache-7
7f74c14a7000-7f74c14b5000 r--s 00000000 08:05 6822937                    /var/cache/fontconfig/655822e4-ca4e-40c7-aa44-ceb59777b841-le64.cache-7
7f74c14b5000-7f74c14da000 r--p 00000000 08:05 6301907                    /usr/share/locale-langpack/fr/LC_MESSAGES/libc.mo
7f74c14da000-7f74c14dc000 r--p 00000000 08:05 4857056                    /usr/lib/x86_64-linux-gnu/libmd.so.0.0.5
7f74c14dc000-7f74c14e3000 r-xp 00002000 08:05 4857056                    /usr/lib/x86_64-linux-gnu/libmd.so.0.0.5
7f74c14e3000-7f74c14e5000 r--p 00009000 08:05 4857056                    /usr/lib/x86_64-linux-gnu/libmd.so.0.0.5
7f74c14e5000-7f74c14e6000 r--p 0000a000 08:05 4857056                    /usr/lib/x86_64-linux-gnu/libmd.so.0.0.5
7f74c14e6000-7f74c14e7000 rw-p 0000b000 08:05 4857056                    /usr/lib/x86_64-linux-gnu/libmd.so.0.0.5
7f74c14e7000-7f74c14eb000 r--p 00000000 08:05 4856369                    /usr/lib/x86_64-linux-gnu/libbsd.so.0.11.6
7f74c14eb000-7f74c14f8000 r-xp 00004000 08:05 4856369                    /usr/lib/x86_64-linux-gnu/libbsd.so.0.11.6
7f74c14f8000-7f74c14fb000 r--p 00011000 08:05 4856369                    /usr/lib/x86_64-linux-gnu/libbsd.so.0.11.6
7f74c14fb000-7f74c14fc000 ---p 00014000 08:05 4856369                    /usr/lib/x86_64-linux-gnu/libbsd.so.0.11.6
7f74c14fc000-7f74c14fd000 r--p 00014000 08:05 4856369                    /usr/lib/x86_64-linux-gnu/libbsd.so.0.11.6
7f74c14fd000-7f74c14fe000 rw-p 00015000 08:05 4856369                    /usr/lib/x86_64-linux-gnu/libbsd.so.0.11.6
7f74c14fe000-7f74c14ff000 rw-p 00000000 00:00 0 
7f74c14ff000-7f74c1500000 ---p 00000000 00:00 0 
7f74c1500000-7f74c1600000 rw-p 00000000 00:00 0 
7f74c1600000-7f74c160d000 r-xp 00000000 08:05 5245763                    /usr/local/jdk1.8.0_111/jre/lib/amd64/libverify.so
7f74c160d000-7f74c180c000 ---p 0000d000 08:05 5245763                    /usr/local/jdk1.8.0_111/jre/lib/amd64/libverify.so
7f74c180c000-7f74c180e000 rw-p 0000c000 08:05 5245763                    /usr/local/jdk1.8.0_111/jre/lib/amd64/libverify.so
7f74c180e000-7f74c1812000 r--s 00000000 08:05 6822957                    /var/cache/fontconfig/7bd619e6-489f-40e3-ae78-c16f9cd0f31c-le64.cache-7
7f74c1812000-7f74c1814000 r--p 00000000 08:05 4856087                    /usr/lib/x86_64-linux-gnu/libXdmcp.so.6.0.0
7f74c1814000-7f74c1816000 r-xp 00002000 08:05 4856087                    /usr/lib/x86_64-linux-gnu/libXdmcp.so.6.0.0
7f74c1816000-7f74c1818000 r--p 00004000 08:05 4856087                    /usr/lib/x86_64-linux-gnu/libXdmcp.so.6.0.0
7f74c1818000-7f74c1819000 r--p 00005000 08:05 4856087                    /usr/lib/x86_64-linux-gnu/libXdmcp.so.6.0.0
7f74c1819000-7f74c181a000 rw-p 00006000 08:05 4856087                    /usr/lib/x86_64-linux-gnu/libXdmcp.so.6.0.0
7f74c181a000-7f74c181b000 r--p 00000000 08:05 4856076                    /usr/lib/x86_64-linux-gnu/libXau.so.6.0.0
7f74c181b000-7f74c181d000 r-xp 00001000 08:05 4856076                    /usr/lib/x86_64-linux-gnu/libXau.so.6.0.0
7f74c181d000-7f74c181e000 r--p 00003000 08:05 4856076                    /usr/lib/x86_64-linux-gnu/libXau.so.6.0.0
7f74c181e000-7f74c181f000 r--p 00003000 08:05 4856076                    /usr/lib/x86_64-linux-gnu/libXau.so.6.0.0
7f74c181f000-7f74c1820000 rw-p 00004000 08:05 4856076                    /usr/lib/x86_64-linux-gnu/libXau.so.6.0.0
7f74c1820000-7f74c182b000 r--p 00000000 08:05 4857732                    /usr/lib/x86_64-linux-gnu/libxcb.so.1.1.0
7f74c182b000-7f74c183f000 r-xp 0000b000 08:05 4857732                    /usr/lib/x86_64-linux-gnu/libxcb.so.1.1.0
7f74c183f000-7f74c1848000 r--p 0001f000 08:05 4857732                    /usr/lib/x86_64-linux-gnu/libxcb.so.1.1.0
7f74c1848000-7f74c1849000 r--p 00027000 08:05 4857732                    /usr/lib/x86_64-linux-gnu/libxcb.so.1.1.0
7f74c1849000-7f74c184a000 rw-p 00028000 08:05 4857732                    /usr/lib/x86_64-linux-gnu/libxcb.so.1.1.0
7f74c184a000-7f74c184d000 r--p 00000000 08:05 4856097                    /usr/lib/x86_64-linux-gnu/libXi.so.6.1.0
7f74c184d000-7f74c1859000 r-xp 00003000 08:05 4856097                    /usr/lib/x86_64-linux-gnu/libXi.so.6.1.0
7f74c1859000-7f74c185c000 r--p 0000f000 08:05 4856097                    /usr/lib/x86_64-linux-gnu/libXi.so.6.1.0
7f74c185c000-7f74c185d000 r--p 00011000 08:05 4856097                    /usr/lib/x86_64-linux-gnu/libXi.so.6.1.0
7f74c185d000-7f74c185e000 rw-p 00012000 08:05 4856097                    /usr/lib/x86_64-linux-gnu/libXi.so.6.1.0
7f74c185e000-7f74c1860000 r--p 00000000 08:05 4856115                    /usr/lib/x86_64-linux-gnu/libXtst.so.6.1.0
7f74c1860000-7f74c1863000 r-xp 00002000 08:05 4856115                    /usr/lib/x86_64-linux-gnu/libXtst.so.6.1.0
7f74c1863000-7f74c1864000 r--p 00005000 08:05 4856115                    /usr/lib/x86_64-linux-gnu/libXtst.so.6.1.0
7f74c1864000-7f74c1865000 r--p 00005000 08:05 4856115                    /usr/lib/x86_64-linux-gnu/libXtst.so.6.1.0
7f74c1865000-7f74c1866000 rw-p 00006000 08:05 4856115                    /usr/lib/x86_64-linux-gnu/libXtst.so.6.1.0
7f74c1866000-7f74c186a000 r--p 00000000 08:05 4856089                    /usr/lib/x86_64-linux-gnu/libXext.so.6.4.0
7f74c186a000-7f74c1875000 r-xp 00004000 08:05 4856089                    /usr/lib/x86_64-linux-gnu/libXext.so.6.4.0
7f74c1875000-7f74c1879000 r--p 0000f000 08:05 4856089                    /usr/lib/x86_64-linux-gnu/libXext.so.6.4.0
7f74c1879000-7f74c187a000 r--p 00012000 08:05 4856089                    /usr/lib/x86_64-linux-gnu/libXext.so.6.4.0
7f74c187a000-7f74c187b000 rw-p 00013000 08:05 4856089                    /usr/lib/x86_64-linux-gnu/libXext.so.6.4.0
7f74c187b000-7f74c18ff000 rw-p 00000000 00:00 0 
7f74c18ff000-7f74c1900000 ---p 00000000 00:00 0 
7f74c1900000-7f74c1a00000 rw-p 00000000 00:00 0 
7f74c1a00000-7f74c26cd000 r-xp 00000000 08:05 5373984                    /usr/local/jdk1.8.0_111/jre/lib/amd64/server/libjvm.so
7f74c26cd000-7f74c28cc000 ---p 00ccd000 08:05 5373984                    /usr/local/jdk1.8.0_111/jre/lib/amd64/server/libjvm.so
7f74c28cc000-7f74c29a5000 rw-p 00ccc000 08:05 5373984                    /usr/local/jdk1.8.0_111/jre/lib/amd64/server/libjvm.so
7f74c29a5000-7f74c29f0000 rw-p 00000000 00:00 0 
7f74c29f0000-7f74c29f1000 r--s 00000000 08:05 6822931                    /var/cache/fontconfig/5dfa7a4f-68cb-4406-975c-48fefbf6dff0-le64.cache-7
7f74c29f1000-7f74c29f2000 r--s 00000000 08:05 6822911                    /var/cache/fontconfig/52442f27-3164-449c-8152-68991b372b1e-le64.cache-7
7f74c29f2000-7f74c29f3000 r--s 00000000 08:05 6823014                    /var/cache/fontconfig/d1d939c0-e09a-47a9-aaef-416f7a747d69-le64.cache-7
7f74c29f3000-7f74c29f5000 r--p 00000000 08:05 4856109                    /usr/lib/x86_64-linux-gnu/libXrender.so.1.3.0
7f74c29f5000-7f74c29fc000 r-xp 00002000 08:05 4856109                    /usr/lib/x86_64-linux-gnu/libXrender.so.1.3.0
7f74c29fc000-7f74c29fe000 r--p 00009000 08:05 4856109                    /usr/lib/x86_64-linux-gnu/libXrender.so.1.3.0
7f74c29fe000-7f74c29ff000 r--p 0000a000 08:05 4856109                    /usr/lib/x86_64-linux-gnu/libXrender.so.1.3.0
7f74c29ff000-7f74c2a00000 rw-p 0000b000 08:05 4856109                    /usr/lib/x86_64-linux-gnu/libXrender.so.1.3.0
7f74c2a00000-7f74c2a22000 r--p 00000000 08:05 4856375                    /usr/lib/x86_64-linux-gnu/libc.so.6
7f74c2a22000-7f74c2b9b000 r-xp 00022000 08:05 4856375                    /usr/lib/x86_64-linux-gnu/libc.so.6
7f74c2b9b000-7f74c2bf2000 r--p 0019b000 08:05 4856375                    /usr/lib/x86_64-linux-gnu/libc.so.6
7f74c2bf2000-7f74c2bf6000 r--p 001f1000 08:05 4856375                    /usr/lib/x86_64-linux-gnu/libc.so.6
7f74c2bf6000-7f74c2bf8000 rw-p 001f5000 08:05 4856375                    /usr/lib/x86_64-linux-gnu/libc.so.6
7f74c2bf8000-7f74c2c05000 rw-p 00000000 00:00 0 
7f74c2c05000-7f74c2c06000 r--s 00000000 08:05 6822891                    /var/cache/fontconfig/354f53a0-b48c-4168-a0a8-1c75b332d917-le64.cache-7
7f74c2c06000-7f74c2c08000 r--p 00000000 08:05 4856083                    /usr/lib/x86_64-linux-gnu/libXcursor.so.1.0.2
7f74c2c08000-7f74c2c0e000 r-xp 00002000 08:05 4856083                    /usr/lib/x86_64-linux-gnu/libXcursor.so.1.0.2
7f74c2c0e000-7f74c2c10000 r--p 00008000 08:05 4856083                    /usr/lib/x86_64-linux-gnu/libXcursor.so.1.0.2
7f74c2c10000-7f74c2c11000 r--p 00009000 08:05 4856083                    /usr/lib/x86_64-linux-gnu/libXcursor.so.1.0.2
7f74c2c11000-7f74c2c12000 rw-p 0000a000 08:05 4856083                    /usr/lib/x86_64-linux-gnu/libXcursor.so.1.0.2
7f74c2c12000-7f74c2c19000 r--s 00000000 08:05 5508274                    /usr/lib/x86_64-linux-gnu/gconv/gconv-modules.cache
7f74c2c19000-7f74c2cff000 rw-p 00000000 00:00 0 
7f74c2cff000-7f74c2d00000 ---p 00000000 00:00 0 
7f74c2d00000-7f74c2d03000 ---p 00000000 00:00 0 
7f74c2d03000-7f74c2e00000 rw-p 00000000 00:00 0 
7f74c2e00000-7f74c2e15000 r-xp 00000000 08:05 5374039                    /usr/local/jdk1.8.0_111/lib/amd64/jli/libjli.so
7f74c2e15000-7f74c3015000 ---p 00015000 08:05 5374039                    /usr/local/jdk1.8.0_111/lib/amd64/jli/libjli.so
7f74c3015000-7f74c3016000 rw-p 00015000 08:05 5374039                    /usr/local/jdk1.8.0_111/lib/amd64/jli/libjli.so
7f74c3016000-7f74c3017000 r--s 00000000 08:05 6822866                    /var/cache/fontconfig/17bf2e5a-71aa-4784-922f-c385fdb4bd0c-le64.cache-7
7f74c3017000-7f74c3018000 r--s 00000000 08:05 6823013                    /var/cache/fontconfig/d1a1f271-b66b-441b-b7a7-85399a809640-le64.cache-7
7f74c3018000-7f74c30c2000 rw-p 00000000 00:00 0 
7f74c30c2000-7f74c30c3000 r--p 00000000 08:05 4857380                    /usr/lib/x86_64-linux-gnu/librt.so.1
7f74c30c3000-7f74c30c4000 r-xp 00001000 08:05 4857380                    /usr/lib/x86_64-linux-gnu/librt.so.1
7f74c30c4000-7f74c30c5000 r--p 00002000 08:05 4857380                    /usr/lib/x86_64-linux-gnu/librt.so.1
7f74c30c5000-7f74c30c6000 r--p 00002000 08:05 4857380                    /usr/lib/x86_64-linux-gnu/librt.so.1
7f74c30c6000-7f74c30c7000 rw-p 00003000 08:05 4857380                    /usr/lib/x86_64-linux-gnu/librt.so.1
7f74c30c7000-7f74c30d5000 r--p 00000000 08:05 4857045                    /usr/lib/x86_64-linux-gnu/libm.so.6
7f74c30d5000-7f74c3153000 r-xp 0000e000 08:05 4857045                    /usr/lib/x86_64-linux-gnu/libm.so.6
7f74c3153000-7f74c31ae000 r--p 0008c000 08:05 4857045                    /usr/lib/x86_64-linux-gnu/libm.so.6
7f74c31ae000-7f74c31af000 r--p 000e6000 08:05 4857045                    /usr/lib/x86_64-linux-gnu/libm.so.6
7f74c31af000-7f74c31b0000 rw-p 000e7000 08:05 4857045                    /usr/lib/x86_64-linux-gnu/libm.so.6
7f74c31b0000-7f74c31b2000 rw-p 00000000 00:00 0 
7f74c31b2000-7f74c31b3000 r--p 00000000 08:05 4856516                    /usr/lib/x86_64-linux-gnu/libdl.so.2
7f74c31b3000-7f74c31b4000 r-xp 00001000 08:05 4856516                    /usr/lib/x86_64-linux-gnu/libdl.so.2
7f74c31b4000-7f74c31b5000 r--p 00002000 08:05 4856516                    /usr/lib/x86_64-linux-gnu/libdl.so.2
7f74c31b5000-7f74c31b6000 r--p 00002000 08:05 4856516                    /usr/lib/x86_64-linux-gnu/libdl.so.2
7f74c31b6000-7f74c31b7000 rw-p 00003000 08:05 4856516                    /usr/lib/x86_64-linux-gnu/libdl.so.2
7f74c31b7000-7f74c31b8000 r--p 00000000 08:05 4857328                    /usr/lib/x86_64-linux-gnu/libpthread.so.0
7f74c31b8000-7f74c31b9000 r-xp 00001000 08:05 4857328                    /usr/lib/x86_64-linux-gnu/libpthread.so.0
7f74c31b9000-7f74c31ba000 r--p 00002000 08:05 4857328                    /usr/lib/x86_64-linux-gnu/libpthread.so.0
7f74c31ba000-7f74c31bb000 r--p 00002000 08:05 4857328                    /usr/lib/x86_64-linux-gnu/libpthread.so.0
7f74c31bb000-7f74c31bc000 rw-p 00003000 08:05 4857328                    /usr/lib/x86_64-linux-gnu/libpthread.so.0
7f74c31bc000-7f74c31bd000 r--s 00000000 08:05 6822926                    /var/cache/fontconfig/5867800f-5a6a-4032-9ef4-580a1d8e51ad-le64.cache-7
7f74c31bd000-7f74c31be000 r--s 00000000 08:05 6822967                    /var/cache/fontconfig/8ad02337-efa9-4ba3-ba11-cf544248c232-le64.cache-7
7f74c31be000-7f74c31c1000 r--s 00000000 08:05 6822960                    /var/cache/fontconfig/8441ed7c-25c9-417d-b5a2-3458764d59c0-le64.cache-7
7f74c31c1000-7f74c31c9000 rw-s 00000000 08:05 2359374                    /tmp/hsperfdata_etonam/12527
7f74c31c9000-7f74c31ca000 rw-p 00000000 00:00 0 
7f74c31ca000-7f74c31cb000 r--p 00000000 00:00 0 
7f74c31cb000-7f74c31cd000 rw-p 00000000 00:00 0 
7f74c31cd000-7f74c31ce000 r--p 00000000 08:05 4856029                    /usr/lib/x86_64-linux-gnu/ld-linux-x86-64.so.2
7f74c31ce000-7f74c31f7000 r-xp 00001000 08:05 4856029                    /usr/lib/x86_64-linux-gnu/ld-linux-x86-64.so.2
7f74c31f7000-7f74c3201000 r--p 0002a000 08:05 4856029                    /usr/lib/x86_64-linux-gnu/ld-linux-x86-64.so.2
7f74c3201000-7f74c3203000 r--p 00034000 08:05 4856029                    /usr/lib/x86_64-linux-gnu/ld-linux-x86-64.so.2
7f74c3203000-7f74c3205000 rw-p 00036000 08:05 4856029                    /usr/lib/x86_64-linux-gnu/ld-linux-x86-64.so.2
7fff3bb54000-7fff3bb75000 rw-p 00000000 00:00 0                          [stack]
7fff3bbc7000-7fff3bbcb000 r--p 00000000 00:00 0                          [vvar]
7fff3bbcb000-7fff3bbcd000 r-xp 00000000 00:00 0                          [vdso]
ffffffffff600000-ffffffffff601000 --xp 00000000 00:00 0                  [vsyscall]

VM Arguments:
jvm_args: -Dfile.encoding=UTF-8 
java_command: connexion
java_class_path (initial): /home/etonam/NetBeansProjects/Projet/build/classes
Launcher Type: SUN_STANDARD

Environment Variables:
PATH=/usr/local/sbin:/usr/local/bin:/usr/sbin:/usr/bin:/sbin:/bin:/usr/games:/usr/local/games:/snap/bin:/snap/bin
USERNAME=etonam
LD_LIBRARY_PATH=/usr/local/jdk1.8.0_111/jre/lib/amd64:/usr/local/jdk1.8.0_111/jre/lib/i386:
SHELL=/bin/bash
DISPLAY=:0

Signal Handlers:
SIGSEGV: [libjvm.so+0xac64b0], sa_mask[0]=11111111011111111101111111111110, sa_flags=SA_RESTART|SA_SIGINFO
SIGBUS: [libjvm.so+0xac64b0], sa_mask[0]=11111111011111111101111111111110, sa_flags=SA_RESTART|SA_SIGINFO
SIGFPE: [libjvm.so+0x91f950], sa_mask[0]=11111111011111111101111111111110, sa_flags=SA_RESTART|SA_SIGINFO
SIGPIPE: [libjvm.so+0x91f950], sa_mask[0]=11111111011111111101111111111110, sa_flags=SA_RESTART|SA_SIGINFO
SIGXFSZ: [libjvm.so+0x91f950], sa_mask[0]=11111111011111111101111111111110, sa_flags=SA_RESTART|SA_SIGINFO
SIGILL: [libjvm.so+0x91f950], sa_mask[0]=11111111011111111101111111111110, sa_flags=SA_RESTART|SA_SIGINFO
SIGUSR1: SIG_DFL, sa_mask[0]=00000000000000000000000000000000, sa_flags=none
SIGUSR2: [libjvm.so+0x920f80], sa_mask[0]=00100000000000000000000000000000, sa_flags=SA_RESTART|SA_SIGINFO
SIGHUP: [libjvm.so+0x922380], sa_mask[0]=11111111011111111101111111111110, sa_flags=SA_RESTART|SA_SIGINFO
SIGINT: SIG_IGN, sa_mask[0]=00000000000000000000000000000000, sa_flags=none
SIGTERM: [libjvm.so+0x922380], sa_mask[0]=11111111011111111101111111111110, sa_flags=SA_RESTART|SA_SIGINFO
SIGQUIT: [libjvm.so+0x922380], sa_mask[0]=11111111011111111101111111111110, sa_flags=SA_RESTART|SA_SIGINFO


---------------  S Y S T E M  ---------------

OS:DISTRIB_ID=Ubuntu
DISTRIB_RELEASE=22.10
DISTRIB_CODENAME=kinetic
DISTRIB_DESCRIPTION="Ubuntu 22.10"

uname:Linux 5.19.0-26-generic #27-Ubuntu SMP PREEMPT_DYNAMIC Wed Nov 23 20:44:15 UTC 2022 x86_64
libc:glibc 2.36 NPTL 2.36 
rlimit: STACK 8192k, CORE 0k, NPROC 31013, NOFILE 1048576, AS infinity
load average:0,45 0,42 0,45

/proc/meminfo:
MemTotal:        8014920 kB
MemFree:          221016 kB
MemAvailable:    2773920 kB
Buffers:          216984 kB
Cached:          2995216 kB
SwapCached:            0 kB
Active:          1407420 kB
Inactive:        5407836 kB
Active(anon):       4128 kB
Inactive(anon):  4125768 kB
Active(file):    1403292 kB
Inactive(file):  1282068 kB
Unevictable:      417984 kB
Mlocked:              16 kB
SwapTotal:             0 kB
SwapFree:              0 kB
Zswap:                 0 kB
Zswapped:              0 kB
Dirty:               544 kB
Writeback:             0 kB
AnonPages:       4021348 kB
Mapped:           611732 kB
Shmem:            540624 kB
KReclaimable:     174860 kB
Slab:             369000 kB
SReclaimable:     174860 kB
SUnreclaim:       194140 kB
KernelStack:       23040 kB
PageTables:        47196 kB
NFS_Unstable:          0 kB
Bounce:                0 kB
WritebackTmp:          0 kB
CommitLimit:     4007460 kB
Committed_AS:   11076624 kB
VmallocTotal:   34359738367 kB
VmallocUsed:       73504 kB
VmallocChunk:          0 kB
Percpu:             9696 kB
HardwareCorrupted:     0 kB
AnonHugePages:         0 kB
ShmemHugePages:        0 kB
ShmemPmdMapped:        0 kB
FileHugePages:         0 kB
FilePmdMapped:         0 kB
HugePages_Total:       0
HugePages_Free:        0
HugePages_Rsvd:        0
HugePages_Surp:        0
Hugepagesize:       2048 kB
Hugetlb:               0 kB
DirectMap4k:      312372 kB
DirectMap2M:     7952384 kB
DirectMap1G:     1048576 kB


CPU:total 8 (2 cores per cpu, 2 threads per core) family 6 model 69 stepping 1, cmov, cx8, fxsr, mmx, sse, sse2, sse3, ssse3, sse4.1, sse4.2, popcnt, avx, avx2, aes, clmul, erms, lzcnt, ht, tsc, tscinvbit, bmi1, bmi2

/proc/cpuinfo:
processor	: 0
vendor_id	: GenuineIntel
cpu family	: 6
model		: 69
model name	: Intel(R) Core(TM) i5-4300U CPU @ 1.90GHz
stepping	: 1
microcode	: 0x26
cpu MHz		: 2294.629
cache size	: 3072 KB
physical id	: 0
siblings	: 4
core id		: 0
cpu cores	: 2
apicid		: 0
initial apicid	: 0
fpu		: yes
fpu_exception	: yes
cpuid level	: 13
wp		: yes
flags		: fpu vme de pse tsc msr pae mce cx8 apic sep mtrr pge mca cmov pat pse36 clflush dts acpi mmx fxsr sse sse2 ss ht tm pbe syscall nx pdpe1gb rdtscp lm constant_tsc arch_perfmon pebs bts rep_good nopl xtopology nonstop_tsc cpuid aperfmperf pni pclmulqdq dtes64 monitor ds_cpl smx est tm2 ssse3 sdbg fma cx16 xtpr pdcm pcid sse4_1 sse4_2 x2apic movbe popcnt tsc_deadline_timer aes xsave avx f16c rdrand lahf_lm abm cpuid_fault epb invpcid_single pti ssbd ibrs ibpb stibp fsgsbase tsc_adjust bmi1 avx2 smep bmi2 erms invpcid xsaveopt dtherm ida arat pln pts md_clear flush_l1d
bugs		: cpu_meltdown spectre_v1 spectre_v2 spec_store_bypass l1tf mds swapgs itlb_multihit srbds mmio_unknown
bogomips	: 4988.34
clflush size	: 64
cache_alignment	: 64
address sizes	: 39 bits physical, 48 bits virtual
power management:

processor	: 1
vendor_id	: GenuineIntel
cpu family	: 6
model		: 69
model name	: Intel(R) Core(TM) i5-4300U CPU @ 1.90GHz
stepping	: 1
microcode	: 0x26
cpu MHz		: 2294.637
cache size	: 3072 KB
physical id	: 0
siblings	: 4
core id		: 0
cpu cores	: 2
apicid		: 1
initial apicid	: 1
fpu		: yes
fpu_exception	: yes
cpuid level	: 13
wp		: yes
flags		: fpu vme de pse tsc msr pae mce cx8 apic sep mtrr pge mca cmov pat pse36 clflush dts acpi mmx fxsr sse sse2 ss ht tm pbe syscall nx pdpe1gb rdtscp lm constant_tsc arch_perfmon pebs bts rep_good nopl xtopology nonstop_tsc cpuid aperfmperf pni pclmulqdq dtes64 monitor ds_cpl smx est tm2 ssse3 sdbg fma cx16 xtpr pdcm pcid sse4_1 sse4_2 x2apic movbe popcnt tsc_deadline_timer aes xsave avx f16c rdrand lahf_lm abm cpuid_fault epb invpcid_single pti ssbd ibrs ibpb stibp fsgsbase tsc_adjust bmi1 avx2 smep bmi2 erms invpcid xsaveopt dtherm ida arat pln pts md_clear flush_l1d
bugs		: cpu_meltdown spectre_v1 spectre_v2 spec_store_bypass l1tf mds swapgs itlb_multihit srbds mmio_unknown
bogomips	: 4988.34
clflush size	: 64
cache_alignment	: 64
address sizes	: 39 bits physical, 48 bits virtual
power management:

processor	: 2
vendor_id	: GenuineIntel
cpu family	: 6
model		: 69
model name	: Intel(R) Core(TM) i5-4300U CPU @ 1.90GHz
stepping	: 1
microcode	: 0x26
cpu MHz		: 2344.577
cache size	: 3072 KB
physical id	: 0
siblings	: 4
core id		: 1
cpu cores	: 2
apicid		: 2
initial apicid	: 2
fpu		: yes
fpu_exception	: yes
cpuid level	: 13
wp		: yes
flags		: fpu vme de pse tsc msr pae mce cx8 apic sep mtrr pge mca cmov pat pse36 clflush dts acpi mmx fxsr sse sse2 ss ht tm pbe syscall nx pdpe1gb rdtscp lm constant_tsc arch_perfmon pebs bts rep_good nopl xtopology nonstop_tsc cpuid aperfmperf pni pclmulqdq dtes64 monitor ds_cpl smx est tm2 ssse3 sdbg fma cx16 xtpr pdcm pcid sse4_1 sse4_2 x2apic movbe popcnt tsc_deadline_timer aes xsave avx f16c rdrand lahf_lm abm cpuid_fault epb invpcid_single pti ssbd ibrs ibpb stibp fsgsbase tsc_adjust bmi1 avx2 smep bmi2 erms invpcid xsaveopt dtherm ida arat pln pts md_clear flush_l1d
bugs		: cpu_meltdown spectre_v1 spectre_v2 spec_store_bypass l1tf mds swapgs itlb_multihit srbds mmio_unknown
bogomips	: 4988.34
clflush size	: 64
cache_alignment	: 64
address sizes	: 39 bits physical, 48 bits virtual
power management:

processor	: 3
vendor_id	: GenuineIntel
cpu family	: 6
model		: 69
model name	: Intel(R) Core(TM) i5-4300U CPU @ 1.90GHz
stepping	: 1
microcode	: 0x26
cpu MHz		: 2344.578
cache size	: 3072 KB
physical id	: 0
siblings	: 4
core id		: 1
cpu cores	: 2
apicid		: 3
initial apicid	: 3
fpu		: yes
fpu_exception	: yes
cpuid level	: 13
wp		: yes
flags		: fpu vme de pse tsc msr pae mce cx8 apic sep mtrr pge mca cmov pat pse36 clflush dts acpi mmx fxsr sse sse2 ss ht tm pbe syscall nx pdpe1gb rdtscp lm constant_tsc arch_perfmon pebs bts rep_good nopl xtopology nonstop_tsc cpuid aperfmperf pni pclmulqdq dtes64 monitor ds_cpl smx est tm2 ssse3 sdbg fma cx16 xtpr pdcm pcid sse4_1 sse4_2 x2apic movbe popcnt tsc_deadline_timer aes xsave avx f16c rdrand lahf_lm abm cpuid_fault epb invpcid_single pti ssbd ibrs ibpb stibp fsgsbase tsc_adjust bmi1 avx2 smep bmi2 erms invpcid xsaveopt dtherm ida arat pln pts md_clear flush_l1d
bugs		: cpu_meltdown spectre_v1 spectre_v2 spec_store_bypass l1tf mds swapgs itlb_multihit srbds mmio_unknown
bogomips	: 4988.34
clflush size	: 64
cache_alignment	: 64
address sizes	: 39 bits physical, 48 bits virtual
power management:



Memory: 4k page, physical 8014920k(221016k free), swap 0k(0k free)

vm_info: Java HotSpot(TM) 64-Bit Server VM (25.111-b14) for linux-amd64 JRE (1.8.0_111-b14), built on Sep 22 2016 16:14:03 by "java_re" with gcc 4.3.0 20080428 (Red Hat 4.3.0-8)

time: Wed Dec 14 22:30:04 2022
elapsed time: 1 seconds (0d 0h 0m 1s)

